<?xml version="1.0" encoding="UTF-8"?>
<!-- Generated by org.testng.reporters.JUnitReportReporter -->
<testsuite skipped="0" hostname="LAPTOP-OJIPPDE6" name="com.mobile.xcart.AppTest" tests="1" failures="0" timestamp="27 Nov 2021 18:27:45 GMT" time="0.023" errors="0">
  <testcase name="shouldAnswerWithTrue" time="0.023" classname="com.mobile.xcart.AppTest"/>
</testsuite> <!-- com.mobile.xcart.AppTest -->
